2025-04-03 18:46:07 [restartedMain] INFO  SpringMvcHrPortalApplication - Starting SpringMvcHrPortalApplication using Java 20 with PID 21704 (C:\Users\pc\git\HrRestAPI\target\classes started by pc in C:\Users\pc\git\HrRestAPI)
2025-04-03 18:46:07 [restartedMain] INFO  SpringMvcHrPortalApplication - No active profile set, falling back to 1 default profile: "default"
2025-04-03 18:46:07 [restartedMain] INFO  ChangeableUrls - The Class-Path manifest attribute in C:\Users\pc\.m2\repository\com\oracle\database\jdbc\ojdbc11\21.9.0.0\ojdbc11-21.9.0.0.jar referenced one or more files that do not exist: file:/C:/Users/pc/.m2/repository/com/oracle/database/jdbc/ojdbc11/21.9.0.0/oraclepki.jar
2025-04-03 18:46:07 [restartedMain] INFO  DevToolsPropertyDefaultsPostProcessor - Devtools property defaults active! Set 'spring.devtools.add-properties' to 'false' to disable
2025-04-03 18:46:07 [restartedMain] INFO  DevToolsPropertyDefaultsPostProcessor - For additional web related logging consider setting the 'logging.level.web' property to 'DEBUG'
2025-04-03 18:46:09 [restartedMain] INFO  RepositoryConfigurationDelegate - Multiple Spring Data modules found, entering strict repository configuration mode
2025-04-03 18:46:09 [restartedMain] INFO  RepositoryConfigurationDelegate - Bootstrapping Spring Data JDBC repositories in DEFAULT mode.
2025-04-03 18:46:09 [restartedMain] INFO  RepositoryConfigurationExtensionSupport - Spring Data JDBC - Could not safely identify store assignment for repository candidate interface com.mindgate.main.jpaRepo.AssesmentRepo; If you want this repository to be a JDBC repository, consider annotating your entities with one of these annotations: org.springframework.data.relational.core.mapping.Table.
2025-04-03 18:46:09 [restartedMain] INFO  RepositoryConfigurationExtensionSupport - Spring Data JDBC - Could not safely identify store assignment for repository candidate interface com.mindgate.main.jpaRepo.CandidateRepo; If you want this repository to be a JDBC repository, consider annotating your entities with one of these annotations: org.springframework.data.relational.core.mapping.Table.
2025-04-03 18:46:09 [restartedMain] INFO  RepositoryConfigurationExtensionSupport - Spring Data JDBC - Could not safely identify store assignment for repository candidate interface com.mindgate.main.jpaRepo.EmployeeRepo; If you want this repository to be a JDBC repository, consider annotating your entities with one of these annotations: org.springframework.data.relational.core.mapping.Table.
2025-04-03 18:46:09 [restartedMain] INFO  RepositoryConfigurationExtensionSupport - Spring Data JDBC - Could not safely identify store assignment for repository candidate interface com.mindgate.main.jpaRepo.JobDescriptionRepo; If you want this repository to be a JDBC repository, consider annotating your entities with one of these annotations: org.springframework.data.relational.core.mapping.Table.
2025-04-03 18:46:09 [restartedMain] INFO  RepositoryConfigurationExtensionSupport - Spring Data JDBC - Could not safely identify store assignment for repository candidate interface com.mindgate.main.jpaRepo.ProjectRepo; If you want this repository to be a JDBC repository, consider annotating your entities with one of these annotations: org.springframework.data.relational.core.mapping.Table.
2025-04-03 18:46:09 [restartedMain] INFO  RepositoryConfigurationDelegate - Finished Spring Data repository scanning in 89 ms. Found 0 JDBC repository interfaces.
2025-04-03 18:46:09 [restartedMain] INFO  RepositoryConfigurationDelegate - Multiple Spring Data modules found, entering strict repository configuration mode
2025-04-03 18:46:09 [restartedMain] INFO  RepositoryConfigurationDelegate - Bootstrapping Spring Data JPA repositories in DEFAULT mode.
2025-04-03 18:46:09 [restartedMain] INFO  RepositoryConfigurationDelegate - Finished Spring Data repository scanning in 55 ms. Found 5 JPA repository interfaces.
2025-04-03 18:46:12 [restartedMain] INFO  TomcatWebServer - Tomcat initialized with port 8899 (http)
2025-04-03 18:46:13 [restartedMain] INFO  ServletWebServerApplicationContext - Root WebApplicationContext: initialization completed in 5625 ms
2025-04-03 18:46:15 [restartedMain] INFO  SpringPersistenceUnitInfo - No LoadTimeWeaver setup: ignoring JPA class transformer
2025-04-03 18:46:17 [restartedMain] INFO  LocalContainerEntityManagerFactoryBean - Initialized JPA EntityManagerFactory for persistence unit 'default'
2025-04-03 18:46:18 [restartedMain] WARN  JpaBaseConfiguration$JpaWebConfiguration - spring.jpa.open-in-view is enabled by default. Therefore, database queries may be performed during view rendering. Explicitly configure spring.jpa.open-in-view to disable this warning
2025-04-03 18:46:19 [restartedMain] INFO  OptionalLiveReloadServer - LiveReload server is running on port 35729
2025-04-03 18:46:19 [restartedMain] INFO  TomcatWebServer - Tomcat started on port 8899 (http) with context path ''
2025-04-03 18:46:19 [restartedMain] INFO  SpringMvcHrPortalApplication - Started SpringMvcHrPortalApplication in 13.199 seconds (process running for 19.956)
2025-04-03 18:50:21 [RMI TCP Connection(11)-127.0.0.1] INFO  SpringApplicationAdminMXBeanRegistrar$SpringApplicationAdmin - Application shutdown requested.
2025-04-03 18:50:21 [RMI TCP Connection(10)-127.0.0.1] INFO  SpringApplicationAdminMXBeanRegistrar$SpringApplicationAdmin - Application shutdown requested.
2025-04-03 18:50:22 [RMI TCP Connection(10)-127.0.0.1] INFO  LocalContainerEntityManagerFactoryBean - Closing JPA EntityManagerFactory for persistence unit 'default'
2025-04-03 18:51:15 [restartedMain] INFO  SpringMvcHrPortalApplication - Starting SpringMvcHrPortalApplication using Java 20 with PID 20632 (C:\Users\pc\git\HrRestAPI\target\classes started by pc in C:\Users\pc\git\HrRestAPI)
2025-04-03 18:51:15 [restartedMain] INFO  SpringMvcHrPortalApplication - No active profile set, falling back to 1 default profile: "default"
2025-04-03 18:51:15 [restartedMain] INFO  ChangeableUrls - The Class-Path manifest attribute in C:\Users\pc\.m2\repository\com\oracle\database\jdbc\ojdbc11\21.9.0.0\ojdbc11-21.9.0.0.jar referenced one or more files that do not exist: file:/C:/Users/pc/.m2/repository/com/oracle/database/jdbc/ojdbc11/21.9.0.0/oraclepki.jar
2025-04-03 18:51:15 [restartedMain] INFO  DevToolsPropertyDefaultsPostProcessor - Devtools property defaults active! Set 'spring.devtools.add-properties' to 'false' to disable
2025-04-03 18:51:15 [restartedMain] INFO  DevToolsPropertyDefaultsPostProcessor - For additional web related logging consider setting the 'logging.level.web' property to 'DEBUG'
2025-04-03 18:51:17 [restartedMain] INFO  RepositoryConfigurationDelegate - Multiple Spring Data modules found, entering strict repository configuration mode
2025-04-03 18:51:17 [restartedMain] INFO  RepositoryConfigurationDelegate - Bootstrapping Spring Data JDBC repositories in DEFAULT mode.
2025-04-03 18:51:18 [restartedMain] INFO  RepositoryConfigurationExtensionSupport - Spring Data JDBC - Could not safely identify store assignment for repository candidate interface com.mindgate.main.jpaRepo.AssesmentRepo; If you want this repository to be a JDBC repository, consider annotating your entities with one of these annotations: org.springframework.data.relational.core.mapping.Table.
2025-04-03 18:51:18 [restartedMain] INFO  RepositoryConfigurationExtensionSupport - Spring Data JDBC - Could not safely identify store assignment for repository candidate interface com.mindgate.main.jpaRepo.CandidateRepo; If you want this repository to be a JDBC repository, consider annotating your entities with one of these annotations: org.springframework.data.relational.core.mapping.Table.
2025-04-03 18:51:18 [restartedMain] INFO  RepositoryConfigurationExtensionSupport - Spring Data JDBC - Could not safely identify store assignment for repository candidate interface com.mindgate.main.jpaRepo.EmployeeRepo; If you want this repository to be a JDBC repository, consider annotating your entities with one of these annotations: org.springframework.data.relational.core.mapping.Table.
2025-04-03 18:51:18 [restartedMain] INFO  RepositoryConfigurationExtensionSupport - Spring Data JDBC - Could not safely identify store assignment for repository candidate interface com.mindgate.main.jpaRepo.JobDescriptionRepo; If you want this repository to be a JDBC repository, consider annotating your entities with one of these annotations: org.springframework.data.relational.core.mapping.Table.
2025-04-03 18:51:18 [restartedMain] INFO  RepositoryConfigurationExtensionSupport - Spring Data JDBC - Could not safely identify store assignment for repository candidate interface com.mindgate.main.jpaRepo.ProjectRepo; If you want this repository to be a JDBC repository, consider annotating your entities with one of these annotations: org.springframework.data.relational.core.mapping.Table.
2025-04-03 18:51:18 [restartedMain] INFO  RepositoryConfigurationDelegate - Finished Spring Data repository scanning in 226 ms. Found 0 JDBC repository interfaces.
2025-04-03 18:51:18 [restartedMain] INFO  RepositoryConfigurationDelegate - Multiple Spring Data modules found, entering strict repository configuration mode
2025-04-03 18:51:18 [restartedMain] INFO  RepositoryConfigurationDelegate - Bootstrapping Spring Data JPA repositories in DEFAULT mode.
2025-04-03 18:51:18 [restartedMain] INFO  RepositoryConfigurationDelegate - Finished Spring Data repository scanning in 128 ms. Found 5 JPA repository interfaces.
2025-04-03 18:51:19 [restartedMain] INFO  TomcatWebServer - Tomcat initialized with port 8899 (http)
2025-04-03 18:51:20 [restartedMain] INFO  ServletWebServerApplicationContext - Root WebApplicationContext: initialization completed in 4350 ms
2025-04-03 18:51:22 [restartedMain] INFO  SpringPersistenceUnitInfo - No LoadTimeWeaver setup: ignoring JPA class transformer
2025-04-03 18:51:27 [restartedMain] INFO  LocalContainerEntityManagerFactoryBean - Initialized JPA EntityManagerFactory for persistence unit 'default'
2025-04-03 18:51:29 [restartedMain] WARN  JpaBaseConfiguration$JpaWebConfiguration - spring.jpa.open-in-view is enabled by default. Therefore, database queries may be performed during view rendering. Explicitly configure spring.jpa.open-in-view to disable this warning
2025-04-03 18:51:29 [restartedMain] INFO  OptionalLiveReloadServer - LiveReload server is running on port 35729
2025-04-03 18:51:30 [restartedMain] INFO  TomcatWebServer - Tomcat started on port 8899 (http) with context path ''
2025-04-03 18:51:30 [restartedMain] INFO  SpringMvcHrPortalApplication - Started SpringMvcHrPortalApplication in 16.866 seconds (process running for 24.992)
2025-04-03 18:53:58 [RMI TCP Connection(6)-127.0.0.1] INFO  SpringApplicationAdminMXBeanRegistrar$SpringApplicationAdmin - Application shutdown requested.
2025-04-03 18:53:58 [RMI TCP Connection(6)-127.0.0.1] INFO  LocalContainerEntityManagerFactoryBean - Closing JPA EntityManagerFactory for persistence unit 'default'
2025-04-03 18:54:20 [restartedMain] INFO  SpringMvcHrPortalApplication - Starting SpringMvcHrPortalApplication using Java 20 with PID 4280 (C:\Users\pc\git\HrRestAPI\target\classes started by pc in C:\Users\pc\git\HrRestAPI)
2025-04-03 18:54:20 [restartedMain] INFO  SpringMvcHrPortalApplication - No active profile set, falling back to 1 default profile: "default"
2025-04-03 18:54:20 [restartedMain] INFO  ChangeableUrls - The Class-Path manifest attribute in C:\Users\pc\.m2\repository\com\oracle\database\jdbc\ojdbc11\21.9.0.0\ojdbc11-21.9.0.0.jar referenced one or more files that do not exist: file:/C:/Users/pc/.m2/repository/com/oracle/database/jdbc/ojdbc11/21.9.0.0/oraclepki.jar
2025-04-03 18:54:20 [restartedMain] INFO  DevToolsPropertyDefaultsPostProcessor - Devtools property defaults active! Set 'spring.devtools.add-properties' to 'false' to disable
2025-04-03 18:54:20 [restartedMain] INFO  DevToolsPropertyDefaultsPostProcessor - For additional web related logging consider setting the 'logging.level.web' property to 'DEBUG'
2025-04-03 18:54:21 [restartedMain] INFO  RepositoryConfigurationDelegate - Multiple Spring Data modules found, entering strict repository configuration mode
2025-04-03 18:54:21 [restartedMain] INFO  RepositoryConfigurationDelegate - Bootstrapping Spring Data JDBC repositories in DEFAULT mode.
2025-04-03 18:54:22 [restartedMain] INFO  RepositoryConfigurationExtensionSupport - Spring Data JDBC - Could not safely identify store assignment for repository candidate interface com.mindgate.main.jpaRepo.AssesmentRepo; If you want this repository to be a JDBC repository, consider annotating your entities with one of these annotations: org.springframework.data.relational.core.mapping.Table.
2025-04-03 18:54:22 [restartedMain] INFO  RepositoryConfigurationExtensionSupport - Spring Data JDBC - Could not safely identify store assignment for repository candidate interface com.mindgate.main.jpaRepo.CandidateRepo; If you want this repository to be a JDBC repository, consider annotating your entities with one of these annotations: org.springframework.data.relational.core.mapping.Table.
2025-04-03 18:54:22 [restartedMain] INFO  RepositoryConfigurationExtensionSupport - Spring Data JDBC - Could not safely identify store assignment for repository candidate interface com.mindgate.main.jpaRepo.EmployeeRepo; If you want this repository to be a JDBC repository, consider annotating your entities with one of these annotations: org.springframework.data.relational.core.mapping.Table.
2025-04-03 18:54:22 [restartedMain] INFO  RepositoryConfigurationExtensionSupport - Spring Data JDBC - Could not safely identify store assignment for repository candidate interface com.mindgate.main.jpaRepo.JobDescriptionRepo; If you want this repository to be a JDBC repository, consider annotating your entities with one of these annotations: org.springframework.data.relational.core.mapping.Table.
2025-04-03 18:54:22 [restartedMain] INFO  RepositoryConfigurationExtensionSupport - Spring Data JDBC - Could not safely identify store assignment for repository candidate interface com.mindgate.main.jpaRepo.ProjectRepo; If you want this repository to be a JDBC repository, consider annotating your entities with one of these annotations: org.springframework.data.relational.core.mapping.Table.
2025-04-03 18:54:22 [restartedMain] INFO  RepositoryConfigurationDelegate - Finished Spring Data repository scanning in 115 ms. Found 0 JDBC repository interfaces.
2025-04-03 18:54:22 [restartedMain] INFO  RepositoryConfigurationDelegate - Multiple Spring Data modules found, entering strict repository configuration mode
2025-04-03 18:54:22 [restartedMain] INFO  RepositoryConfigurationDelegate - Bootstrapping Spring Data JPA repositories in DEFAULT mode.
2025-04-03 18:54:22 [restartedMain] INFO  RepositoryConfigurationDelegate - Finished Spring Data repository scanning in 112 ms. Found 5 JPA repository interfaces.
2025-04-03 18:54:23 [restartedMain] INFO  TomcatWebServer - Tomcat initialized with port 8899 (http)
2025-04-03 18:54:24 [restartedMain] INFO  ServletWebServerApplicationContext - Root WebApplicationContext: initialization completed in 3548 ms
2025-04-03 18:54:26 [restartedMain] INFO  SpringPersistenceUnitInfo - No LoadTimeWeaver setup: ignoring JPA class transformer
2025-04-03 18:54:33 [restartedMain] INFO  LocalContainerEntityManagerFactoryBean - Initialized JPA EntityManagerFactory for persistence unit 'default'
2025-04-03 18:54:34 [restartedMain] WARN  JpaBaseConfiguration$JpaWebConfiguration - spring.jpa.open-in-view is enabled by default. Therefore, database queries may be performed during view rendering. Explicitly configure spring.jpa.open-in-view to disable this warning
2025-04-03 18:54:35 [restartedMain] INFO  OptionalLiveReloadServer - LiveReload server is running on port 35729
2025-04-03 18:54:35 [restartedMain] INFO  TomcatWebServer - Tomcat started on port 8899 (http) with context path ''
2025-04-03 18:54:35 [restartedMain] INFO  SpringMvcHrPortalApplication - Started SpringMvcHrPortalApplication in 17.031 seconds (process running for 20.508)
2025-04-03 18:55:58 [RMI TCP Connection(5)-127.0.0.1] INFO  SpringApplicationAdminMXBeanRegistrar$SpringApplicationAdmin - Application shutdown requested.
2025-04-03 18:56:00 [RMI TCP Connection(5)-127.0.0.1] INFO  LocalContainerEntityManagerFactoryBean - Closing JPA EntityManagerFactory for persistence unit 'default'
2025-04-03 19:01:32 [restartedMain] INFO  SpringMvcHrPortalApplication - Starting SpringMvcHrPortalApplication using Java 20 with PID 23248 (C:\Users\pc\git\HrRestAPI\target\classes started by pc in C:\Users\pc\git\HrRestAPI)
2025-04-03 19:01:32 [restartedMain] INFO  SpringMvcHrPortalApplication - No active profile set, falling back to 1 default profile: "default"
2025-04-03 19:01:32 [restartedMain] INFO  DevToolsPropertyDefaultsPostProcessor - Devtools property defaults active! Set 'spring.devtools.add-properties' to 'false' to disable
2025-04-03 19:01:32 [restartedMain] INFO  DevToolsPropertyDefaultsPostProcessor - For additional web related logging consider setting the 'logging.level.web' property to 'DEBUG'
2025-04-03 19:01:33 [restartedMain] INFO  RepositoryConfigurationDelegate - Multiple Spring Data modules found, entering strict repository configuration mode
2025-04-03 19:01:33 [restartedMain] INFO  RepositoryConfigurationDelegate - Bootstrapping Spring Data JDBC repositories in DEFAULT mode.
2025-04-03 19:01:33 [restartedMain] INFO  RepositoryConfigurationExtensionSupport - Spring Data JDBC - Could not safely identify store assignment for repository candidate interface com.mindgate.main.jpaRepo.AssesmentRepo; If you want this repository to be a JDBC repository, consider annotating your entities with one of these annotations: org.springframework.data.relational.core.mapping.Table.
2025-04-03 19:01:33 [restartedMain] INFO  RepositoryConfigurationExtensionSupport - Spring Data JDBC - Could not safely identify store assignment for repository candidate interface com.mindgate.main.jpaRepo.CandidateRepo; If you want this repository to be a JDBC repository, consider annotating your entities with one of these annotations: org.springframework.data.relational.core.mapping.Table.
2025-04-03 19:01:33 [restartedMain] INFO  RepositoryConfigurationExtensionSupport - Spring Data JDBC - Could not safely identify store assignment for repository candidate interface com.mindgate.main.jpaRepo.EmployeeRepo; If you want this repository to be a JDBC repository, consider annotating your entities with one of these annotations: org.springframework.data.relational.core.mapping.Table.
2025-04-03 19:01:33 [restartedMain] INFO  RepositoryConfigurationExtensionSupport - Spring Data JDBC - Could not safely identify store assignment for repository candidate interface com.mindgate.main.jpaRepo.JobDescriptionRepo; If you want this repository to be a JDBC repository, consider annotating your entities with one of these annotations: org.springframework.data.relational.core.mapping.Table.
2025-04-03 19:01:33 [restartedMain] INFO  RepositoryConfigurationExtensionSupport - Spring Data JDBC - Could not safely identify store assignment for repository candidate interface com.mindgate.main.jpaRepo.ProjectRepo; If you want this repository to be a JDBC repository, consider annotating your entities with one of these annotations: org.springframework.data.relational.core.mapping.Table.
2025-04-03 19:01:33 [restartedMain] INFO  RepositoryConfigurationDelegate - Finished Spring Data repository scanning in 75 ms. Found 0 JDBC repository interfaces.
2025-04-03 19:01:33 [restartedMain] INFO  RepositoryConfigurationDelegate - Multiple Spring Data modules found, entering strict repository configuration mode
2025-04-03 19:01:33 [restartedMain] INFO  RepositoryConfigurationDelegate - Bootstrapping Spring Data JPA repositories in DEFAULT mode.
2025-04-03 19:01:34 [restartedMain] INFO  RepositoryConfigurationDelegate - Finished Spring Data repository scanning in 104 ms. Found 5 JPA repository interfaces.
2025-04-03 19:01:35 [restartedMain] INFO  TomcatWebServer - Tomcat initialized with port 8899 (http)
2025-04-03 19:01:35 [restartedMain] INFO  ServletWebServerApplicationContext - Root WebApplicationContext: initialization completed in 3324 ms
2025-04-03 19:01:37 [restartedMain] INFO  SpringPersistenceUnitInfo - No LoadTimeWeaver setup: ignoring JPA class transformer
2025-04-03 19:01:40 [restartedMain] INFO  LocalContainerEntityManagerFactoryBean - Initialized JPA EntityManagerFactory for persistence unit 'default'
2025-04-03 19:01:41 [restartedMain] WARN  JpaBaseConfiguration$JpaWebConfiguration - spring.jpa.open-in-view is enabled by default. Therefore, database queries may be performed during view rendering. Explicitly configure spring.jpa.open-in-view to disable this warning
2025-04-03 19:01:41 [restartedMain] INFO  OptionalLiveReloadServer - LiveReload server is running on port 35729
2025-04-03 19:01:41 [restartedMain] INFO  TomcatWebServer - Tomcat started on port 8899 (http) with context path ''
2025-04-03 19:01:41 [restartedMain] INFO  SpringMvcHrPortalApplication - Started SpringMvcHrPortalApplication in 10.608 seconds (process running for 13.604)
2025-04-03 19:08:08 [File Watcher] INFO  LocalDevToolsAutoConfiguration$RestartingClassPathChangeChangedEventListener - Restarting due to 93 class path changes (0 additions, 93 deletions, 0 modifications)
2025-04-03 19:08:14 [Thread-5] INFO  LocalContainerEntityManagerFactoryBean - Closing JPA EntityManagerFactory for persistence unit 'default'
2025-04-03 19:08:19 [restartedMain] INFO  DevToolsPropertyDefaultsPostProcessor - Devtools property defaults active! Set 'spring.devtools.add-properties' to 'false' to disable
2025-04-03 19:08:19 [restartedMain] INFO  DevToolsPropertyDefaultsPostProcessor - For additional web related logging consider setting the 'logging.level.web' property to 'DEBUG'
2025-04-03 19:08:20 [restartedMain] INFO  SpringMvcHrPortalApplication - Starting SpringMvcHrPortalApplication using Java 20 with PID 23248 (C:\Users\pc\git\HrRestAPI\target\classes started by pc in C:\Users\pc\git\HrRestAPI)
2025-04-03 19:08:20 [restartedMain] INFO  SpringMvcHrPortalApplication - No active profile set, falling back to 1 default profile: "default"
2025-04-03 19:08:22 [restartedMain] INFO  RepositoryConfigurationDelegate - Multiple Spring Data modules found, entering strict repository configuration mode
2025-04-03 19:08:22 [restartedMain] INFO  RepositoryConfigurationDelegate - Bootstrapping Spring Data JDBC repositories in DEFAULT mode.
2025-04-03 19:08:22 [restartedMain] INFO  RepositoryConfigurationExtensionSupport - Spring Data JDBC - Could not safely identify store assignment for repository candidate interface com.mindgate.main.jpaRepo.AssesmentRepo; If you want this repository to be a JDBC repository, consider annotating your entities with one of these annotations: org.springframework.data.relational.core.mapping.Table.
2025-04-03 19:08:22 [restartedMain] INFO  RepositoryConfigurationExtensionSupport - Spring Data JDBC - Could not safely identify store assignment for repository candidate interface com.mindgate.main.jpaRepo.CandidateRepo; If you want this repository to be a JDBC repository, consider annotating your entities with one of these annotations: org.springframework.data.relational.core.mapping.Table.
2025-04-03 19:08:22 [restartedMain] INFO  RepositoryConfigurationExtensionSupport - Spring Data JDBC - Could not safely identify store assignment for repository candidate interface com.mindgate.main.jpaRepo.EmployeeRepo; If you want this repository to be a JDBC repository, consider annotating your entities with one of these annotations: org.springframework.data.relational.core.mapping.Table.
2025-04-03 19:08:22 [restartedMain] INFO  RepositoryConfigurationExtensionSupport - Spring Data JDBC - Could not safely identify store assignment for repository candidate interface com.mindgate.main.jpaRepo.JobDescriptionRepo; If you want this repository to be a JDBC repository, consider annotating your entities with one of these annotations: org.springframework.data.relational.core.mapping.Table.
2025-04-03 19:08:22 [restartedMain] INFO  RepositoryConfigurationExtensionSupport - Spring Data JDBC - Could not safely identify store assignment for repository candidate interface com.mindgate.main.jpaRepo.ProjectRepo; If you want this repository to be a JDBC repository, consider annotating your entities with one of these annotations: org.springframework.data.relational.core.mapping.Table.
2025-04-03 19:08:22 [restartedMain] INFO  RepositoryConfigurationDelegate - Finished Spring Data repository scanning in 74 ms. Found 0 JDBC repository interfaces.
2025-04-03 19:08:22 [restartedMain] INFO  RepositoryConfigurationDelegate - Multiple Spring Data modules found, entering strict repository configuration mode
2025-04-03 19:08:22 [restartedMain] INFO  RepositoryConfigurationDelegate - Bootstrapping Spring Data JPA repositories in DEFAULT mode.
2025-04-03 19:08:22 [restartedMain] INFO  RepositoryConfigurationDelegate - Finished Spring Data repository scanning in 68 ms. Found 5 JPA repository interfaces.
2025-04-03 19:08:22 [restartedMain] INFO  TomcatWebServer - Tomcat initialized with port 8080 (http)
2025-04-03 19:08:23 [restartedMain] INFO  ServletWebServerApplicationContext - Root WebApplicationContext: initialization completed in 3599 ms
2025-04-03 19:08:23 [restartedMain] WARN  AnnotationConfigServletWebServerApplicationContext - Exception encountered during context initialization - cancelling refresh attempt: org.springframework.beans.factory.UnsatisfiedDependencyException: Error creating bean with name 'dataSourceScriptDatabaseInitializer' defined in class path resource [org/springframework/boot/autoconfigure/sql/init/DataSourceInitializationConfiguration.class]: Unsatisfied dependency expressed through method 'dataSourceScriptDatabaseInitializer' parameter 0: Error creating bean with name 'dataSource' defined in class path resource [org/springframework/boot/autoconfigure/jdbc/DataSourceConfiguration$Hikari.class]: Failed to instantiate [com.zaxxer.hikari.HikariDataSource]: Factory method 'dataSource' threw exception with message: Failed to determine a suitable driver class
2025-04-03 19:08:23 [restartedMain] INFO  ConditionEvaluationReportLogger - 

Error starting ApplicationContext. To display the condition evaluation report re-run your application with 'debug' enabled.
2025-04-03 19:08:24 [restartedMain] ERROR LoggingFailureAnalysisReporter - 

***************************
APPLICATION FAILED TO START
***************************

Description:

Failed to configure a DataSource: 'url' attribute is not specified and no embedded datasource could be configured.

Reason: Failed to determine a suitable driver class


Action:

Consider the following:
	If you want an embedded database (H2, HSQL or Derby), please put it on the classpath.
	If you have database settings to be loaded from a particular profile you may need to activate it (no profiles are currently active).

2025-04-03 19:08:25 [restartedMain] INFO  DevToolsPropertyDefaultsPostProcessor - Devtools property defaults active! Set 'spring.devtools.add-properties' to 'false' to disable
2025-04-03 19:08:25 [restartedMain] INFO  DevToolsPropertyDefaultsPostProcessor - For additional web related logging consider setting the 'logging.level.web' property to 'DEBUG'
2025-04-03 19:08:25 [restartedMain] INFO  SpringMvcHrPortalApplication - Starting SpringMvcHrPortalApplication using Java 20 with PID 23248 (C:\Users\pc\git\HrRestAPI\target\classes started by pc in C:\Users\pc\git\HrRestAPI)
2025-04-03 19:08:25 [restartedMain] INFO  SpringMvcHrPortalApplication - No active profile set, falling back to 1 default profile: "default"
2025-04-03 19:08:26 [restartedMain] INFO  RepositoryConfigurationDelegate - Multiple Spring Data modules found, entering strict repository configuration mode
2025-04-03 19:08:26 [restartedMain] INFO  RepositoryConfigurationDelegate - Bootstrapping Spring Data JDBC repositories in DEFAULT mode.
2025-04-03 19:08:26 [restartedMain] INFO  RepositoryConfigurationExtensionSupport - Spring Data JDBC - Could not safely identify store assignment for repository candidate interface com.mindgate.main.jpaRepo.AssesmentRepo; If you want this repository to be a JDBC repository, consider annotating your entities with one of these annotations: org.springframework.data.relational.core.mapping.Table.
2025-04-03 19:08:26 [restartedMain] INFO  RepositoryConfigurationExtensionSupport - Spring Data JDBC - Could not safely identify store assignment for repository candidate interface com.mindgate.main.jpaRepo.CandidateRepo; If you want this repository to be a JDBC repository, consider annotating your entities with one of these annotations: org.springframework.data.relational.core.mapping.Table.
2025-04-03 19:08:26 [restartedMain] INFO  RepositoryConfigurationExtensionSupport - Spring Data JDBC - Could not safely identify store assignment for repository candidate interface com.mindgate.main.jpaRepo.EmployeeRepo; If you want this repository to be a JDBC repository, consider annotating your entities with one of these annotations: org.springframework.data.relational.core.mapping.Table.
2025-04-03 19:08:26 [restartedMain] INFO  RepositoryConfigurationExtensionSupport - Spring Data JDBC - Could not safely identify store assignment for repository candidate interface com.mindgate.main.jpaRepo.JobDescriptionRepo; If you want this repository to be a JDBC repository, consider annotating your entities with one of these annotations: org.springframework.data.relational.core.mapping.Table.
2025-04-03 19:08:26 [restartedMain] INFO  RepositoryConfigurationExtensionSupport - Spring Data JDBC - Could not safely identify store assignment for repository candidate interface com.mindgate.main.jpaRepo.ProjectRepo; If you want this repository to be a JDBC repository, consider annotating your entities with one of these annotations: org.springframework.data.relational.core.mapping.Table.
2025-04-03 19:08:26 [restartedMain] INFO  RepositoryConfigurationDelegate - Finished Spring Data repository scanning in 25 ms. Found 0 JDBC repository interfaces.
2025-04-03 19:08:26 [restartedMain] INFO  RepositoryConfigurationDelegate - Multiple Spring Data modules found, entering strict repository configuration mode
2025-04-03 19:08:26 [restartedMain] INFO  RepositoryConfigurationDelegate - Bootstrapping Spring Data JPA repositories in DEFAULT mode.
2025-04-03 19:08:26 [restartedMain] INFO  RepositoryConfigurationDelegate - Finished Spring Data repository scanning in 22 ms. Found 5 JPA repository interfaces.
2025-04-03 19:08:27 [restartedMain] INFO  TomcatWebServer - Tomcat initialized with port 8080 (http)
2025-04-03 19:08:28 [restartedMain] INFO  ServletWebServerApplicationContext - Root WebApplicationContext: initialization completed in 2360 ms
2025-04-03 19:08:28 [restartedMain] WARN  AnnotationConfigServletWebServerApplicationContext - Exception encountered during context initialization - cancelling refresh attempt: org.springframework.beans.factory.UnsatisfiedDependencyException: Error creating bean with name 'dataSourceScriptDatabaseInitializer' defined in class path resource [org/springframework/boot/autoconfigure/sql/init/DataSourceInitializationConfiguration.class]: Unsatisfied dependency expressed through method 'dataSourceScriptDatabaseInitializer' parameter 0: Error creating bean with name 'dataSource' defined in class path resource [org/springframework/boot/autoconfigure/jdbc/DataSourceConfiguration$Hikari.class]: Failed to instantiate [com.zaxxer.hikari.HikariDataSource]: Factory method 'dataSource' threw exception with message: Failed to determine a suitable driver class
2025-04-03 19:08:28 [restartedMain] INFO  ConditionEvaluationReportLogger - 

Error starting ApplicationContext. To display the condition evaluation report re-run your application with 'debug' enabled.
2025-04-03 19:08:28 [restartedMain] ERROR LoggingFailureAnalysisReporter - 

***************************
APPLICATION FAILED TO START
***************************

Description:

Failed to configure a DataSource: 'url' attribute is not specified and no embedded datasource could be configured.

Reason: Failed to determine a suitable driver class


Action:

Consider the following:
	If you want an embedded database (H2, HSQL or Derby), please put it on the classpath.
	If you have database settings to be loaded from a particular profile you may need to activate it (no profiles are currently active).

